{"ts":"2026-01-18T19:00:01.123Z","level":"INFO","service":"payment-service","version":"v2.8.0","deployment":"D-4720","msg":"Health check passed","db_pool_active":12,"db_pool_max":100,"db_pool_idle":88}
{"ts":"2026-01-18T19:00:05.456Z","level":"INFO","service":"order-service","version":"v3.1.2","deployment":"D-4718","msg":"Order placed successfully","order_id":"ORD-7821","region":"west","item":"burger","latency_ms":45}
{"ts":"2026-01-18T19:00:10.789Z","level":"INFO","service":"payment-service","version":"v2.8.0","deployment":"D-4720","msg":"Payment initiated","payment_id":"PAY-9901","order_id":"ORD-7821","amount":12.99,"gateway":"stripe","latency_ms":89}
{"ts":"2026-01-18T19:00:15.012Z","level":"INFO","service":"payment-service","version":"v2.8.0","deployment":"D-4720","msg":"Payment confirmed","payment_id":"PAY-9901","status":"authorized","latency_ms":110}
{"ts":"2026-01-18T19:00:20.345Z","level":"INFO","service":"order-service","version":"v3.1.2","deployment":"D-4718","msg":"Order placed successfully","order_id":"ORD-7822","region":"east","item":"sushi","latency_ms":52}
{"ts":"2026-01-18T19:00:25.678Z","level":"INFO","service":"payment-service","version":"v2.8.0","deployment":"D-4720","msg":"Payment initiated","payment_id":"PAY-9902","order_id":"ORD-7822","amount":18.50,"gateway":"stripe","latency_ms":91}
{"ts":"2026-01-18T19:00:30.901Z","level":"INFO","service":"payment-service","version":"v2.8.0","deployment":"D-4720","msg":"Payment confirmed","payment_id":"PAY-9902","status":"authorized","latency_ms":108}
{"ts":"2026-01-18T19:00:35.234Z","level":"INFO","service":"menu-service","version":"v1.5.0","deployment":"D-4715","msg":"Menu fetched","region":"west","items_returned":42,"latency_ms":12}
{"ts":"2026-01-18T19:00:40.567Z","level":"INFO","service":"order-service","version":"v3.1.2","deployment":"D-4718","msg":"Order placed successfully","order_id":"ORD-7823","region":"west","item":"pasta","latency_ms":48}
{"ts":"2026-01-18T19:00:45.890Z","level":"INFO","service":"payment-service","version":"v2.8.0","deployment":"D-4720","msg":"Payment initiated","payment_id":"PAY-9903","order_id":"ORD-7823","amount":15.75,"gateway":"stripe","latency_ms":95}
{"ts":"2026-01-18T19:00:50.123Z","level":"INFO","service":"payment-service","version":"v2.8.0","deployment":"D-4720","msg":"Health check passed","db_pool_active":15,"db_pool_max":100,"db_pool_idle":85}
{"ts":"2026-01-18T19:00:55.456Z","level":"INFO","service":"order-service","version":"v3.1.2","deployment":"D-4718","msg":"Order placed successfully","order_id":"ORD-7824","region":"east","item":"burger","latency_ms":50}
{"ts":"2026-01-18T19:01:00.789Z","level":"INFO","service":"payment-service","version":"v2.8.0","deployment":"D-4720","msg":"Payment confirmed","payment_id":"PAY-9903","status":"authorized","latency_ms":112}
{"ts":"2026-01-18T19:01:05.012Z","level":"INFO","service":"menu-service","version":"v1.5.0","deployment":"D-4715","msg":"Menu fetched","region":"east","items_returned":38,"latency_ms":11}
{"ts":"2026-01-18T19:01:10.345Z","level":"INFO","service":"order-service","version":"v3.1.2","deployment":"D-4718","msg":"Order placed successfully","order_id":"ORD-7825","region":"west","item":"salad","latency_ms":46}
{"ts":"2026-01-18T19:01:15.678Z","level":"INFO","service":"payment-service","version":"v2.8.0","deployment":"D-4720","msg":"Payment initiated","payment_id":"PAY-9904","order_id":"ORD-7825","amount":9.99,"gateway":"stripe","latency_ms":88}
{"ts":"2026-01-18T19:01:20.901Z","level":"INFO","service":"payment-service","version":"v2.8.0","deployment":"D-4720","msg":"Payment confirmed","payment_id":"PAY-9904","status":"authorized","latency_ms":105}
{"ts":"2026-01-18T19:01:25.234Z","level":"INFO","service":"inventory-service","version":"v2.0.1","deployment":"D-4716","msg":"Stock check passed","item":"burger","region":"west","available":245}
{"ts":"2026-01-18T19:01:30.567Z","level":"INFO","service":"order-service","version":"v3.1.2","deployment":"D-4718","msg":"Order placed successfully","order_id":"ORD-7826","region":"west","item":"burger","latency_ms":44}
{"ts":"2026-01-18T19:01:35.890Z","level":"INFO","service":"payment-service","version":"v2.8.0","deployment":"D-4720","msg":"Health check passed","db_pool_active":18,"db_pool_max":100,"db_pool_idle":82}
{"ts":"2026-01-18T19:14:50.123Z","level":"INFO","service":"deploy-controller","version":"v1.2.0","deployment":"D-4721","msg":"Deployment started","target_service":"payment-service","target_version":"v2.8.1","change_id":"PAY-88","deployer":"ci-pipeline","strategy":"rolling"}
{"ts":"2026-01-18T19:14:55.456Z","level":"INFO","service":"deploy-controller","version":"v1.2.0","deployment":"D-4721","msg":"Rolling update in progress","target_service":"payment-service","pods_updated":1,"pods_total":3,"change_id":"PAY-88"}
{"ts":"2026-01-18T19:15:00.789Z","level":"INFO","service":"deploy-controller","version":"v1.2.0","deployment":"D-4721","msg":"Rolling update in progress","target_service":"payment-service","pods_updated":2,"pods_total":3,"change_id":"PAY-88"}
{"ts":"2026-01-18T19:15:05.012Z","level":"INFO","service":"deploy-controller","version":"v1.2.0","deployment":"D-4721","msg":"Rolling update complete","target_service":"payment-service","pods_updated":3,"pods_total":3,"change_id":"PAY-88","duration_s":15}
{"ts":"2026-01-18T19:15:05.345Z","level":"INFO","service":"payment-service","version":"v2.8.1","deployment":"D-4721","msg":"Service started","config":{"db_pool_max":10,"db_pool_min":2,"db_timeout_ms":5000,"gateway":"stripe"},"change_id":"PAY-88"}
{"ts":"2026-01-18T19:15:10.678Z","level":"INFO","service":"payment-service","version":"v2.8.1","deployment":"D-4721","msg":"Health check passed","db_pool_active":3,"db_pool_max":10,"db_pool_idle":7}
{"ts":"2026-01-18T19:15:15.901Z","level":"INFO","service":"payment-service","version":"v2.8.1","deployment":"D-4721","msg":"Payment initiated","payment_id":"PAY-9920","order_id":"ORD-7827","amount":12.99,"gateway":"stripe","latency_ms":145}
{"ts":"2026-01-18T19:15:20.234Z","level":"INFO","service":"order-service","version":"v3.1.2","deployment":"D-4718","msg":"Order placed successfully","order_id":"ORD-7827","region":"west","item":"burger","latency_ms":50}
{"ts":"2026-01-18T19:15:25.567Z","level":"INFO","service":"payment-service","version":"v2.8.1","deployment":"D-4721","msg":"Payment initiated","payment_id":"PAY-9921","order_id":"ORD-7828","amount":22.50,"gateway":"stripe","latency_ms":198}
{"ts":"2026-01-18T19:15:30.890Z","level":"WARN","service":"payment-service","version":"v2.8.1","deployment":"D-4721","msg":"Database connection pool nearing capacity","db_pool_active":8,"db_pool_max":10,"db_pool_idle":2,"db_pool_wait_queue":0}
{"ts":"2026-01-18T19:15:35.123Z","level":"INFO","service":"payment-service","version":"v2.8.1","deployment":"D-4721","msg":"Payment confirmed","payment_id":"PAY-9920","status":"authorized","latency_ms":220}
{"ts":"2026-01-18T19:15:40.456Z","level":"WARN","service":"payment-service","version":"v2.8.1","deployment":"D-4721","msg":"Database connection pool nearing capacity","db_pool_active":9,"db_pool_max":10,"db_pool_idle":1,"db_pool_wait_queue":2}
{"ts":"2026-01-18T19:15:45.789Z","level":"INFO","service":"payment-service","version":"v2.8.1","deployment":"D-4721","msg":"Payment initiated","payment_id":"PAY-9922","order_id":"ORD-7829","amount":15.75,"gateway":"stripe","latency_ms":485}
{"ts":"2026-01-18T19:15:50.012Z","level":"WARN","service":"payment-service","version":"v2.8.1","deployment":"D-4721","msg":"Database connection pool exhausted — requests queuing","db_pool_active":10,"db_pool_max":10,"db_pool_idle":0,"db_pool_wait_queue":5}
{"ts":"2026-01-18T19:15:55.345Z","level":"WARN","service":"payment-service","version":"v2.8.1","deployment":"D-4721","msg":"Slow database query detected","query":"SELECT * FROM payments WHERE order_id = $1","duration_ms":780,"db_pool_active":10,"db_pool_wait_queue":8}
{"ts":"2026-01-18T19:16:00.678Z","level":"ERROR","service":"payment-service","version":"v2.8.1","deployment":"D-4721","msg":"Database connection pool timeout","error":"Timeout waiting for available connection (5000ms)","db_pool_active":10,"db_pool_max":10,"db_pool_wait_queue":12,"payment_id":"PAY-9923"}
{"ts":"2026-01-18T19:16:05.901Z","level":"WARN","service":"payment-service","version":"v2.8.1","deployment":"D-4721","msg":"Payment latency exceeding SLO","payment_id":"PAY-9922","latency_ms":1120,"slo_target_ms":500,"breach":true}
{"ts":"2026-01-18T19:16:10.234Z","level":"ERROR","service":"payment-service","version":"v2.8.1","deployment":"D-4721","msg":"Database connection pool timeout","error":"Timeout waiting for available connection (5000ms)","db_pool_active":10,"db_pool_max":10,"db_pool_wait_queue":15,"payment_id":"PAY-9924"}
{"ts":"2026-01-18T19:16:15.567Z","level":"ERROR","service":"payment-service","version":"v2.8.1","deployment":"D-4721","msg":"Payment failed — database unavailable","payment_id":"PAY-9925","order_id":"ORD-7830","error":"ConnectionPoolExhausted: all 10 connections in use, 18 requests waiting","gateway":"stripe"}
{"ts":"2026-01-18T19:16:20.890Z","level":"ERROR","service":"payment-service","version":"v2.8.1","deployment":"D-4721","msg":"Database connection pool timeout","error":"Timeout waiting for available connection (5000ms)","db_pool_active":10,"db_pool_max":10,"db_pool_wait_queue":22,"payment_id":"PAY-9926"}
{"ts":"2026-01-18T19:16:25.123Z","level":"ERROR","service":"payment-service","version":"v2.8.1","deployment":"D-4721","msg":"Payment failed — database unavailable","payment_id":"PAY-9927","order_id":"ORD-7831","error":"ConnectionPoolExhausted: all 10 connections in use, 25 requests waiting","gateway":"stripe"}
{"ts":"2026-01-18T19:16:30.456Z","level":"WARN","service":"payment-service","version":"v2.8.1","deployment":"D-4721","msg":"Circuit breaker OPEN for database connections","breaker_state":"open","failure_count":5,"threshold":3,"cooldown_s":30}
{"ts":"2026-01-18T19:16:35.789Z","level":"ERROR","service":"payment-service","version":"v2.8.1","deployment":"D-4721","msg":"Payment failed — circuit breaker open","payment_id":"PAY-9928","order_id":"ORD-7832","error":"CircuitBreakerOpen: database connections unavailable","gateway":"stripe"}
{"ts":"2026-01-18T19:16:40.012Z","level":"ERROR","service":"payment-service","version":"v2.8.1","deployment":"D-4721","msg":"Health check FAILED","db_pool_active":10,"db_pool_max":10,"db_pool_idle":0,"db_pool_wait_queue":28,"error":"Pool exhausted"}
{"ts":"2026-01-18T19:16:45.345Z","level":"ERROR","service":"payment-service","version":"v2.8.1","deployment":"D-4721","msg":"Payment failed — circuit breaker open","payment_id":"PAY-9929","order_id":"ORD-7833","error":"CircuitBreakerOpen: database connections unavailable","gateway":"stripe"}
{"ts":"2026-01-18T19:16:50.678Z","level":"ERROR","service":"payment-service","version":"v2.8.1","deployment":"D-4721","msg":"Payment failed — circuit breaker open","payment_id":"PAY-9930","order_id":"ORD-7834","error":"CircuitBreakerOpen: database connections unavailable","gateway":"stripe"}
{"ts":"2026-01-18T19:16:55.901Z","level":"ERROR","service":"payment-service","version":"v2.8.1","deployment":"D-4721","msg":"Payment failed — database unavailable","payment_id":"PAY-9931","order_id":"ORD-7835","error":"ConnectionPoolExhausted: all 10 connections in use, 30 requests waiting","gateway":"stripe"}
{"ts":"2026-01-18T19:17:00.234Z","level":"WARN","service":"order-service","version":"v3.1.2","deployment":"D-4718","msg":"Downstream payment-service returning errors","endpoint":"/api/payment/initiate","error_rate":0.85,"window":"60s","affected_orders":["ORD-7833","ORD-7834","ORD-7835"]}
{"ts":"2026-01-18T19:17:05.567Z","level":"ERROR","service":"payment-service","version":"v2.8.1","deployment":"D-4721","msg":"Payment failed — circuit breaker open","payment_id":"PAY-9932","order_id":"ORD-7836","error":"CircuitBreakerOpen: database connections unavailable","gateway":"stripe"}
{"ts":"2026-01-18T19:17:10.890Z","level":"ERROR","service":"order-service","version":"v3.1.2","deployment":"D-4718","msg":"Order failed — payment dependency unavailable","order_id":"ORD-7837","region":"west","error":"PaymentServiceUnavailable: upstream returned 503","retry_count":2}
{"ts":"2026-01-18T19:17:15.123Z","level":"ERROR","service":"payment-service","version":"v2.8.1","deployment":"D-4721","msg":"Payment failed — circuit breaker open","payment_id":"PAY-9933","order_id":"ORD-7838","error":"CircuitBreakerOpen: database connections unavailable","gateway":"stripe"}
{"ts":"2026-01-18T19:17:20.456Z","level":"ERROR","service":"order-service","version":"v3.1.2","deployment":"D-4718","msg":"Order failed — payment dependency unavailable","order_id":"ORD-7839","region":"east","error":"PaymentServiceUnavailable: upstream returned 503","retry_count":2}
{"ts":"2026-01-18T19:17:25.789Z","level":"ERROR","service":"payment-service","version":"v2.8.1","deployment":"D-4721","msg":"Payment failed — database unavailable","payment_id":"PAY-9934","order_id":"ORD-7840","error":"ConnectionPoolExhausted: all 10 connections in use, 35 requests waiting","gateway":"stripe"}
{"ts":"2026-01-18T19:17:30.012Z","level":"WARN","service":"alertmanager","version":"v0.27.0","deployment":"infra","msg":"Alert fired","alert_name":"PaymentServiceErrorRateHigh","severity":"critical","service":"payment-service","current_value":"0.92","threshold":"0.05","duration":"60s"}
{"ts":"2026-01-18T19:17:35.345Z","level":"ERROR","service":"payment-service","version":"v2.8.1","deployment":"D-4721","msg":"Payment failed — circuit breaker open","payment_id":"PAY-9935","order_id":"ORD-7841","error":"CircuitBreakerOpen: database connections unavailable","gateway":"stripe"}
{"ts":"2026-01-18T19:17:40.678Z","level":"ERROR","service":"order-service","version":"v3.1.2","deployment":"D-4718","msg":"Order failed — payment dependency unavailable","order_id":"ORD-7842","region":"west","error":"PaymentServiceUnavailable: upstream returned 503","retry_count":3}
{"ts":"2026-01-18T19:17:45.901Z","level":"WARN","service":"alertmanager","version":"v0.27.0","deployment":"infra","msg":"Alert fired","alert_name":"OrderServiceErrorRateElevated","severity":"warning","service":"order-service","current_value":"0.35","threshold":"0.10","duration":"60s"}
{"ts":"2026-01-18T19:17:50.234Z","level":"ERROR","service":"payment-service","version":"v2.8.1","deployment":"D-4721","msg":"Payment failed — circuit breaker open","payment_id":"PAY-9936","order_id":"ORD-7843","error":"CircuitBreakerOpen: database connections unavailable","gateway":"stripe"}
{"ts":"2026-01-18T19:17:55.567Z","level":"INFO","service":"pagerduty-webhook","version":"v1.0.0","deployment":"infra","msg":"Page sent to on-call","incident_id":"INC-0198","assignee":"ops-team-alpha","priority":"P1","title":"Payment service cascading failure — 92% error rate"}
{"ts":"2026-01-18T19:18:00.890Z","level":"ERROR","service":"payment-service","version":"v2.8.1","deployment":"D-4721","msg":"Payment failed — database unavailable","payment_id":"PAY-9937","order_id":"ORD-7844","error":"ConnectionPoolExhausted: all 10 connections in use, 40 requests waiting","gateway":"stripe"}
{"ts":"2026-01-18T19:18:05.123Z","level":"ERROR","service":"order-service","version":"v3.1.2","deployment":"D-4718","msg":"Order failed — payment dependency unavailable","order_id":"ORD-7845","region":"east","error":"PaymentServiceUnavailable: upstream returned 503","retry_count":3}
{"ts":"2026-01-18T19:18:10.456Z","level":"WARN","service":"inventory-service","version":"v2.0.1","deployment":"D-4716","msg":"Stock reservation timeout — payment-service not confirming","item":"sushi","region":"east","reservation_id":"RES-4421","timeout_ms":5000}
{"ts":"2026-01-18T19:18:15.789Z","level":"ERROR","service":"payment-service","version":"v2.8.1","deployment":"D-4721","msg":"Payment failed — circuit breaker open","payment_id":"PAY-9938","order_id":"ORD-7846","error":"CircuitBreakerOpen: database connections unavailable","gateway":"stripe"}
{"ts":"2026-01-18T19:18:20.012Z","level":"ERROR","service":"order-service","version":"v3.1.2","deployment":"D-4718","msg":"Order failed — payment dependency unavailable","order_id":"ORD-7847","region":"west","error":"PaymentServiceUnavailable: upstream returned 503","retry_count":3}
{"ts":"2026-01-18T19:18:25.345Z","level":"WARN","service":"alertmanager","version":"v0.27.0","deployment":"infra","msg":"Alert fired","alert_name":"DatabaseConnectionPoolExhausted","severity":"critical","service":"payment-service","current_value":"10/10","threshold":"90%","duration":"120s"}
{"ts":"2026-01-18T19:18:30.678Z","level":"ERROR","service":"payment-service","version":"v2.8.1","deployment":"D-4721","msg":"Payment failed — circuit breaker open","payment_id":"PAY-9939","order_id":"ORD-7848","error":"CircuitBreakerOpen: database connections unavailable","gateway":"stripe"}
{"ts":"2026-01-18T19:18:35.901Z","level":"ERROR","service":"order-service","version":"v3.1.2","deployment":"D-4718","msg":"Order failed — payment dependency unavailable","order_id":"ORD-7849","region":"east","error":"PaymentServiceUnavailable: upstream returned 503","retry_count":3}
{"ts":"2026-01-18T19:18:40.234Z","level":"WARN","service":"inventory-service","version":"v2.0.1","deployment":"D-4716","msg":"Stock reservation timeout — payment-service not confirming","item":"burger","region":"west","reservation_id":"RES-4422","timeout_ms":5000}
{"ts":"2026-01-18T19:18:45.567Z","level":"ERROR","service":"payment-service","version":"v2.8.1","deployment":"D-4721","msg":"Payment failed — database unavailable","payment_id":"PAY-9940","order_id":"ORD-7850","error":"ConnectionPoolExhausted: all 10 connections in use, 45 requests waiting","gateway":"stripe"}
{"ts":"2026-01-18T19:18:50.890Z","level":"ERROR","service":"payment-service","version":"v2.8.1","deployment":"D-4721","msg":"Health check FAILED","db_pool_active":10,"db_pool_max":10,"db_pool_idle":0,"db_pool_wait_queue":48,"error":"Pool exhausted"}
{"ts":"2026-01-18T19:18:55.123Z","level":"ERROR","service":"order-service","version":"v3.1.2","deployment":"D-4718","msg":"Order failed — payment dependency unavailable","order_id":"ORD-7851","region":"west","error":"PaymentServiceUnavailable: upstream returned 503","retry_count":3}
{"ts":"2026-01-18T19:19:00.456Z","level":"WARN","service":"alertmanager","version":"v0.27.0","deployment":"infra","msg":"Alert fired","alert_name":"RevenueImpactHigh","severity":"critical","service":"payment-service","current_value":"$8400/hr estimated loss","threshold":"$1000/hr","duration":"180s"}
{"ts":"2026-01-18T19:19:05.789Z","level":"ERROR","service":"payment-service","version":"v2.8.1","deployment":"D-4721","msg":"Payment failed — circuit breaker open","payment_id":"PAY-9941","order_id":"ORD-7852","error":"CircuitBreakerOpen: database connections unavailable","gateway":"stripe"}
{"ts":"2026-01-18T19:19:10.012Z","level":"ERROR","service":"order-service","version":"v3.1.2","deployment":"D-4718","msg":"Order failed — payment dependency unavailable","order_id":"ORD-7853","region":"east","error":"PaymentServiceUnavailable: upstream returned 503","retry_count":3}
{"ts":"2026-01-18T19:19:15.345Z","level":"WARN","service":"inventory-service","version":"v2.0.1","deployment":"D-4716","msg":"Stock reservation timeout — payment-service not confirming","item":"pasta","region":"west","reservation_id":"RES-4423","timeout_ms":5000}
{"ts":"2026-01-18T19:19:20.678Z","level":"ERROR","service":"payment-service","version":"v2.8.1","deployment":"D-4721","msg":"Payment failed — circuit breaker open","payment_id":"PAY-9942","order_id":"ORD-7854","error":"CircuitBreakerOpen: database connections unavailable","gateway":"stripe"}
{"ts":"2026-01-18T19:19:25.901Z","level":"ERROR","service":"order-service","version":"v3.1.2","deployment":"D-4718","msg":"Order failed — payment dependency unavailable","order_id":"ORD-7855","region":"west","error":"PaymentServiceUnavailable: upstream returned 503","retry_count":3}
{"ts":"2026-01-18T19:19:30.234Z","level":"ERROR","service":"payment-service","version":"v2.8.1","deployment":"D-4721","msg":"Payment failed — database unavailable","payment_id":"PAY-9943","order_id":"ORD-7856","error":"ConnectionPoolExhausted: all 10 connections in use, 50 requests waiting","gateway":"stripe"}
{"ts":"2026-01-18T19:19:35.567Z","level":"ERROR","service":"order-service","version":"v3.1.2","deployment":"D-4718","msg":"Order failed — payment dependency unavailable","order_id":"ORD-7857","region":"east","error":"PaymentServiceUnavailable: upstream returned 503","retry_count":3}
{"ts":"2026-01-18T19:19:40.890Z","level":"WARN","service":"notification-service","version":"v1.3.0","deployment":"D-4717","msg":"Order confirmation email delayed — upstream order-service returning errors","queue_depth":42,"retry_backoff_ms":2000}
{"ts":"2026-01-18T19:19:45.123Z","level":"ERROR","service":"payment-service","version":"v2.8.1","deployment":"D-4721","msg":"Payment failed — circuit breaker open","payment_id":"PAY-9944","order_id":"ORD-7858","error":"CircuitBreakerOpen: database connections unavailable","gateway":"stripe"}
{"ts":"2026-01-18T19:19:50.456Z","level":"ERROR","service":"payment-service","version":"v2.8.1","deployment":"D-4721","msg":"Health check FAILED","db_pool_active":10,"db_pool_max":10,"db_pool_idle":0,"db_pool_wait_queue":55,"error":"Pool exhausted"}
{"ts":"2026-01-18T19:19:55.789Z","level":"ERROR","service":"order-service","version":"v3.1.2","deployment":"D-4718","msg":"Order failed — payment dependency unavailable","order_id":"ORD-7859","region":"west","error":"PaymentServiceUnavailable: upstream returned 503","retry_count":3}
{"ts":"2026-01-18T19:20:00.012Z","level":"ERROR","service":"payment-service","version":"v2.8.1","deployment":"D-4721","msg":"Payment failed — circuit breaker open","payment_id":"PAY-9945","order_id":"ORD-7860","error":"CircuitBreakerOpen: database connections unavailable","gateway":"stripe"}
{"ts":"2026-01-18T19:20:05.345Z","level":"ERROR","service":"order-service","version":"v3.1.2","deployment":"D-4718","msg":"Order failed — payment dependency unavailable","order_id":"ORD-7861","region":"east","error":"PaymentServiceUnavailable: upstream returned 503","retry_count":3}
{"ts":"2026-01-18T19:20:10.678Z","level":"WARN","service":"inventory-service","version":"v2.0.1","deployment":"D-4716","msg":"Stock reservation timeout — payment-service not confirming","item":"salad","region":"east","reservation_id":"RES-4424","timeout_ms":5000}
{"ts":"2026-01-18T19:20:15.901Z","level":"ERROR","service":"payment-service","version":"v2.8.1","deployment":"D-4721","msg":"Payment failed — database unavailable","payment_id":"PAY-9946","order_id":"ORD-7862","error":"ConnectionPoolExhausted: all 10 connections in use, 58 requests waiting","gateway":"stripe"}
{"ts":"2026-01-18T19:20:20.234Z","level":"ERROR","service":"order-service","version":"v3.1.2","deployment":"D-4718","msg":"Order failed — payment dependency unavailable","order_id":"ORD-7863","region":"west","error":"PaymentServiceUnavailable: upstream returned 503","retry_count":3}
{"ts":"2026-01-18T19:20:25.567Z","level":"ERROR","service":"payment-service","version":"v2.8.1","deployment":"D-4721","msg":"Payment failed — circuit breaker open","payment_id":"PAY-9947","order_id":"ORD-7864","error":"CircuitBreakerOpen: database connections unavailable","gateway":"stripe"}
{"ts":"2026-01-18T19:20:30.890Z","level":"WARN","service":"alertmanager","version":"v0.27.0","deployment":"infra","msg":"Alert fired","alert_name":"CascadingFailureDetected","severity":"critical","affected_services":["payment-service","order-service","inventory-service","notification-service"],"blast_radius":4}
{"ts":"2026-01-18T19:20:35.123Z","level":"ERROR","service":"order-service","version":"v3.1.2","deployment":"D-4718","msg":"Order failed — payment dependency unavailable","order_id":"ORD-7865","region":"east","error":"PaymentServiceUnavailable: upstream returned 503","retry_count":3}
{"ts":"2026-01-18T19:20:40.456Z","level":"ERROR","service":"payment-service","version":"v2.8.1","deployment":"D-4721","msg":"Payment failed — circuit breaker open","payment_id":"PAY-9948","order_id":"ORD-7866","error":"CircuitBreakerOpen: database connections unavailable","gateway":"stripe"}
{"ts":"2026-01-18T19:20:45.789Z","level":"WARN","service":"notification-service","version":"v1.3.0","deployment":"D-4717","msg":"Order confirmation email delayed — upstream order-service returning errors","queue_depth":67,"retry_backoff_ms":4000}
{"ts":"2026-01-18T19:20:50.012Z","level":"ERROR","service":"payment-service","version":"v2.8.1","deployment":"D-4721","msg":"Health check FAILED","db_pool_active":10,"db_pool_max":10,"db_pool_idle":0,"db_pool_wait_queue":62,"error":"Pool exhausted"}
{"ts":"2026-01-18T19:20:55.345Z","level":"ERROR","service":"order-service","version":"v3.1.2","deployment":"D-4718","msg":"Order failed — payment dependency unavailable","order_id":"ORD-7867","region":"west","error":"PaymentServiceUnavailable: upstream returned 503","retry_count":3}
{"ts":"2026-01-18T19:21:00.678Z","level":"ERROR","service":"payment-service","version":"v2.8.1","deployment":"D-4721","msg":"Payment failed — database unavailable","payment_id":"PAY-9949","order_id":"ORD-7868","error":"ConnectionPoolExhausted: all 10 connections in use, 65 requests waiting","gateway":"stripe"}
{"ts":"2026-01-18T19:21:05.901Z","level":"ERROR","service":"order-service","version":"v3.1.2","deployment":"D-4718","msg":"Order failed — payment dependency unavailable","order_id":"ORD-7869","region":"east","error":"PaymentServiceUnavailable: upstream returned 503","retry_count":3}
{"ts":"2026-01-18T19:21:10.234Z","level":"INFO","service":"oncall-cli","version":"v1.0.0","deployment":"infra","msg":"On-call engineer acknowledged incident","incident_id":"INC-0198","engineer":"jchen","action":"investigating"}
{"ts":"2026-01-18T19:21:15.567Z","level":"INFO","service":"oncall-cli","version":"v1.0.0","deployment":"infra","msg":"Running diagnostic: checking recent deployments","incident_id":"INC-0198","engineer":"jchen"}
{"ts":"2026-01-18T19:21:20.890Z","level":"INFO","service":"oncall-cli","version":"v1.0.0","deployment":"infra","msg":"Diagnostic result: deployment D-4721 (payment-service v2.8.1) deployed 6 minutes ago","incident_id":"INC-0198","change_id":"PAY-88","deployed_at":"2026-01-18T19:14:50Z"}
{"ts":"2026-01-18T19:21:25.123Z","level":"INFO","service":"oncall-cli","version":"v1.0.0","deployment":"infra","msg":"Diagnostic result: payment-service db_pool_max changed from 100 to 10 in D-4721","incident_id":"INC-0198","config_diff":{"db_pool_max":{"old":100,"new":10}},"change_id":"PAY-88"}
{"ts":"2026-01-18T19:21:30.456Z","level":"WARN","service":"oncall-cli","version":"v1.0.0","deployment":"infra","msg":"Root cause identified: connection pool misconfiguration in D-4721 (PAY-88)","incident_id":"INC-0198","engineer":"jchen","root_cause":"db_pool_max reduced from 100 to 10"}
{"ts":"2026-01-18T19:21:35.789Z","level":"INFO","service":"oncall-cli","version":"v1.0.0","deployment":"infra","msg":"Initiating rollback of deployment D-4721","incident_id":"INC-0198","engineer":"jchen","target_version":"v2.8.0","rollback_deployment":"D-4720"}
{"ts":"2026-01-18T19:21:40.012Z","level":"INFO","service":"deploy-controller","version":"v1.2.0","deployment":"D-4722","msg":"Rollback started","target_service":"payment-service","from_version":"v2.8.1","to_version":"v2.8.0","change_id":"ROLLBACK-PAY-88","strategy":"rolling"}
{"ts":"2026-01-18T19:21:45.345Z","level":"INFO","service":"deploy-controller","version":"v1.2.0","deployment":"D-4722","msg":"Rolling update in progress","target_service":"payment-service","pods_updated":1,"pods_total":3,"change_id":"ROLLBACK-PAY-88"}
{"ts":"2026-01-18T19:21:50.678Z","level":"INFO","service":"deploy-controller","version":"v1.2.0","deployment":"D-4722","msg":"Rolling update in progress","target_service":"payment-service","pods_updated":2,"pods_total":3,"change_id":"ROLLBACK-PAY-88"}
{"ts":"2026-01-18T19:21:55.901Z","level":"INFO","service":"deploy-controller","version":"v1.2.0","deployment":"D-4722","msg":"Rolling update complete","target_service":"payment-service","pods_updated":3,"pods_total":3,"change_id":"ROLLBACK-PAY-88","duration_s":16}
{"ts":"2026-01-18T19:22:00.234Z","level":"INFO","service":"payment-service","version":"v2.8.0","deployment":"D-4722","msg":"Service started","config":{"db_pool_max":100,"db_pool_min":10,"db_timeout_ms":5000,"gateway":"stripe"},"change_id":"ROLLBACK-PAY-88"}
{"ts":"2026-01-18T19:22:05.567Z","level":"INFO","service":"payment-service","version":"v2.8.0","deployment":"D-4722","msg":"Health check passed","db_pool_active":8,"db_pool_max":100,"db_pool_idle":92}
{"ts":"2026-01-18T19:22:10.890Z","level":"INFO","service":"payment-service","version":"v2.8.0","deployment":"D-4722","msg":"Payment initiated","payment_id":"PAY-9950","order_id":"ORD-7870","amount":12.99,"gateway":"stripe","latency_ms":92}
{"ts":"2026-01-18T19:22:15.123Z","level":"INFO","service":"payment-service","version":"v2.8.0","deployment":"D-4722","msg":"Circuit breaker CLOSED — normal operation resumed","breaker_state":"closed","failure_count":0}
{"ts":"2026-01-18T19:22:20.456Z","level":"INFO","service":"payment-service","version":"v2.8.0","deployment":"D-4722","msg":"Payment confirmed","payment_id":"PAY-9950","status":"authorized","latency_ms":108}
{"ts":"2026-01-18T19:22:25.789Z","level":"INFO","service":"order-service","version":"v3.1.2","deployment":"D-4718","msg":"Order placed successfully","order_id":"ORD-7870","region":"west","item":"burger","latency_ms":48}
{"ts":"2026-01-18T19:22:30.012Z","level":"INFO","service":"payment-service","version":"v2.8.0","deployment":"D-4722","msg":"Payment initiated","payment_id":"PAY-9951","order_id":"ORD-7871","amount":18.50,"gateway":"stripe","latency_ms":88}
{"ts":"2026-01-18T19:22:35.345Z","level":"INFO","service":"order-service","version":"v3.1.2","deployment":"D-4718","msg":"Order placed successfully","order_id":"ORD-7871","region":"east","item":"sushi","latency_ms":51}
{"ts":"2026-01-18T19:22:40.678Z","level":"INFO","service":"payment-service","version":"v2.8.0","deployment":"D-4722","msg":"Payment confirmed","payment_id":"PAY-9951","status":"authorized","latency_ms":105}
{"ts":"2026-01-18T19:22:45.901Z","level":"INFO","service":"payment-service","version":"v2.8.0","deployment":"D-4722","msg":"Health check passed","db_pool_active":12,"db_pool_max":100,"db_pool_idle":88}
{"ts":"2026-01-18T19:22:50.234Z","level":"INFO","service":"notification-service","version":"v1.3.0","deployment":"D-4717","msg":"Email queue draining — upstream recovered","queue_depth":5,"drain_rate":"12/min"}
{"ts":"2026-01-18T19:22:55.567Z","level":"INFO","service":"inventory-service","version":"v2.0.1","deployment":"D-4716","msg":"Stock reservations clearing — payment confirmations resuming","cleared_reservations":4}
{"ts":"2026-01-18T19:23:00.890Z","level":"INFO","service":"alertmanager","version":"v0.27.0","deployment":"infra","msg":"Alert resolved","alert_name":"PaymentServiceErrorRateHigh","severity":"critical","service":"payment-service","resolved_value":"0.02"}
{"ts":"2026-01-18T19:23:05.123Z","level":"INFO","service":"alertmanager","version":"v0.27.0","deployment":"infra","msg":"Alert resolved","alert_name":"DatabaseConnectionPoolExhausted","severity":"critical","service":"payment-service","resolved_value":"12/100"}
{"ts":"2026-01-18T19:23:10.456Z","level":"INFO","service":"alertmanager","version":"v0.27.0","deployment":"infra","msg":"Alert resolved","alert_name":"OrderServiceErrorRateElevated","severity":"warning","service":"order-service","resolved_value":"0.03"}
{"ts":"2026-01-18T19:23:15.789Z","level":"INFO","service":"alertmanager","version":"v0.27.0","deployment":"infra","msg":"Alert resolved","alert_name":"CascadingFailureDetected","severity":"critical","affected_services":["payment-service","order-service","inventory-service","notification-service"],"resolved":true}
{"ts":"2026-01-18T19:23:20.012Z","level":"INFO","service":"alertmanager","version":"v0.27.0","deployment":"infra","msg":"Alert resolved","alert_name":"RevenueImpactHigh","severity":"critical","service":"payment-service","resolved_value":"$0/hr estimated loss"}
{"ts":"2026-01-18T19:23:25.345Z","level":"INFO","service":"oncall-cli","version":"v1.0.0","deployment":"infra","msg":"Incident resolved","incident_id":"INC-0198","engineer":"jchen","resolution":"Rolled back D-4721 (payment-service v2.8.1) to v2.8.0. Root cause: db_pool_max misconfigured from 100 to 10 in change PAY-88.","ttd_min":6,"ttr_min":8,"impact":"~$1,400 estimated revenue loss, 47 failed orders, 4 services affected"}
{"ts":"2026-01-18T19:23:30.678Z","level":"INFO","service":"order-service","version":"v3.1.2","deployment":"D-4718","msg":"Order placed successfully","order_id":"ORD-7872","region":"west","item":"pasta","latency_ms":46}
{"ts":"2026-01-18T19:23:35.901Z","level":"INFO","service":"payment-service","version":"v2.8.0","deployment":"D-4722","msg":"Payment initiated","payment_id":"PAY-9952","order_id":"ORD-7872","amount":15.75,"gateway":"stripe","latency_ms":90}
{"ts":"2026-01-18T19:23:40.234Z","level":"INFO","service":"payment-service","version":"v2.8.0","deployment":"D-4722","msg":"Payment confirmed","payment_id":"PAY-9952","status":"authorized","latency_ms":107}
{"ts":"2026-01-18T19:23:45.567Z","level":"INFO","service":"payment-service","version":"v2.8.0","deployment":"D-4722","msg":"Health check passed","db_pool_active":10,"db_pool_max":100,"db_pool_idle":90}
{"ts":"2026-01-18T19:23:50.890Z","level":"INFO","service":"order-service","version":"v3.1.2","deployment":"D-4718","msg":"Order placed successfully","order_id":"ORD-7873","region":"east","item":"burger","latency_ms":49}
{"ts":"2026-01-18T19:23:55.123Z","level":"INFO","service":"payment-service","version":"v2.8.0","deployment":"D-4722","msg":"Payment initiated","payment_id":"PAY-9953","order_id":"ORD-7873","amount":12.99,"gateway":"stripe","latency_ms":91}
{"ts":"2026-01-18T19:24:00.456Z","level":"INFO","service":"payment-service","version":"v2.8.0","deployment":"D-4722","msg":"Payment confirmed","payment_id":"PAY-9953","status":"authorized","latency_ms":110}
{"ts":"2026-01-18T19:24:05.789Z","level":"INFO","service":"menu-service","version":"v1.5.0","deployment":"D-4715","msg":"Menu fetched","region":"west","items_returned":42,"latency_ms":11}
{"ts":"2026-01-18T19:24:10.012Z","level":"INFO","service":"order-service","version":"v3.1.2","deployment":"D-4718","msg":"Order placed successfully","order_id":"ORD-7874","region":"west","item":"salad","latency_ms":45}
{"ts":"2026-01-18T19:24:15.345Z","level":"INFO","service":"payment-service","version":"v2.8.0","deployment":"D-4722","msg":"Payment initiated","payment_id":"PAY-9954","order_id":"ORD-7874","amount":9.99,"gateway":"stripe","latency_ms":88}
{"ts":"2026-01-18T19:24:20.678Z","level":"INFO","service":"payment-service","version":"v2.8.0","deployment":"D-4722","msg":"Payment confirmed","payment_id":"PAY-9954","status":"authorized","latency_ms":106}
{"ts":"2026-01-18T19:24:25.901Z","level":"INFO","service":"order-service","version":"v3.1.2","deployment":"D-4718","msg":"Order placed successfully","order_id":"ORD-7875","region":"west","item":"burger","latency_ms":47}
{"ts":"2026-01-18T19:24:30.234Z","level":"INFO","service":"payment-service","version":"v2.8.0","deployment":"D-4722","msg":"Payment initiated","payment_id":"PAY-9955","order_id":"ORD-7875","amount":12.99,"gateway":"stripe","latency_ms":90}
{"ts":"2026-01-18T19:24:35.567Z","level":"INFO","service":"payment-service","version":"v2.8.0","deployment":"D-4722","msg":"Payment confirmed","payment_id":"PAY-9955","status":"authorized","latency_ms":109}
{"ts":"2026-01-18T19:24:40.890Z","level":"INFO","service":"menu-service","version":"v1.5.0","deployment":"D-4715","msg":"Menu fetched","region":"east","items_returned":38,"latency_ms":12}
{"ts":"2026-01-18T19:24:45.123Z","level":"INFO","service":"order-service","version":"v3.1.2","deployment":"D-4718","msg":"Order placed successfully","order_id":"ORD-7876","region":"east","item":"sushi","latency_ms":51}
{"ts":"2026-01-18T19:24:50.456Z","level":"INFO","service":"payment-service","version":"v2.8.0","deployment":"D-4722","msg":"Payment initiated","payment_id":"PAY-9956","order_id":"ORD-7876","amount":18.50,"gateway":"stripe","latency_ms":92}
{"ts":"2026-01-18T19:24:55.789Z","level":"INFO","service":"payment-service","version":"v2.8.0","deployment":"D-4722","msg":"Payment confirmed","payment_id":"PAY-9956","status":"authorized","latency_ms":108}
{"ts":"2026-01-18T19:25:00.012Z","level":"INFO","service":"payment-service","version":"v2.8.0","deployment":"D-4722","msg":"Health check passed","db_pool_active":11,"db_pool_max":100,"db_pool_idle":89}
{"ts":"2026-01-18T19:25:05.345Z","level":"INFO","service":"inventory-service","version":"v2.0.1","deployment":"D-4716","msg":"Stock check passed","item":"sushi","region":"east","available":189}
{"ts":"2026-01-18T19:25:10.678Z","level":"INFO","service":"order-service","version":"v3.1.2","deployment":"D-4718","msg":"Order placed successfully","order_id":"ORD-7877","region":"west","item":"pasta","latency_ms":48}
{"ts":"2026-01-18T19:25:15.901Z","level":"INFO","service":"payment-service","version":"v2.8.0","deployment":"D-4722","msg":"Payment initiated","payment_id":"PAY-9957","order_id":"ORD-7877","amount":15.75,"gateway":"stripe","latency_ms":89}
{"ts":"2026-01-18T19:25:20.234Z","level":"INFO","service":"payment-service","version":"v2.8.0","deployment":"D-4722","msg":"Payment confirmed","payment_id":"PAY-9957","status":"authorized","latency_ms":107}
{"ts":"2026-01-18T19:25:25.567Z","level":"INFO","service":"notification-service","version":"v1.3.0","deployment":"D-4717","msg":"Email queue fully drained — all pending confirmations sent","queue_depth":0}
{"ts":"2026-01-18T19:25:30.890Z","level":"INFO","service":"order-service","version":"v3.1.2","deployment":"D-4718","msg":"Order placed successfully","order_id":"ORD-7878","region":"east","item":"burger","latency_ms":50}
{"ts":"2026-01-18T19:25:35.123Z","level":"INFO","service":"payment-service","version":"v2.8.0","deployment":"D-4722","msg":"Payment initiated","payment_id":"PAY-9958","order_id":"ORD-7878","amount":12.99,"gateway":"stripe","latency_ms":91}
{"ts":"2026-01-18T19:25:40.456Z","level":"INFO","service":"payment-service","version":"v2.8.0","deployment":"D-4722","msg":"Payment confirmed","payment_id":"PAY-9958","status":"authorized","latency_ms":110}
{"ts":"2026-01-18T19:25:45.789Z","level":"INFO","service":"payment-service","version":"v2.8.0","deployment":"D-4722","msg":"Health check passed","db_pool_active":9,"db_pool_max":100,"db_pool_idle":91}
{"ts":"2026-01-18T19:25:50.012Z","level":"INFO","service":"order-service","version":"v3.1.2","deployment":"D-4718","msg":"Order placed successfully","order_id":"ORD-7879","region":"west","item":"salad","latency_ms":46}
{"ts":"2026-01-18T19:25:55.345Z","level":"INFO","service":"payment-service","version":"v2.8.0","deployment":"D-4722","msg":"Payment initiated","payment_id":"PAY-9959","order_id":"ORD-7879","amount":9.99,"gateway":"stripe","latency_ms":87}
{"ts":"2026-01-18T19:26:00.678Z","level":"INFO","service":"payment-service","version":"v2.8.0","deployment":"D-4722","msg":"Payment confirmed","payment_id":"PAY-9959","status":"authorized","latency_ms":105}
{"ts":"2026-01-18T19:26:05.901Z","level":"INFO","service":"menu-service","version":"v1.5.0","deployment":"D-4715","msg":"Menu fetched","region":"west","items_returned":42,"latency_ms":11}
{"ts":"2026-01-18T19:26:10.234Z","level":"INFO","service":"order-service","version":"v3.1.2","deployment":"D-4718","msg":"Order placed successfully","order_id":"ORD-7880","region":"west","item":"burger","latency_ms":44}
{"ts":"2026-01-18T19:26:15.567Z","level":"INFO","service":"payment-service","version":"v2.8.0","deployment":"D-4722","msg":"Payment initiated","payment_id":"PAY-9960","order_id":"ORD-7880","amount":12.99,"gateway":"stripe","latency_ms":90}
{"ts":"2026-01-18T19:26:20.890Z","level":"INFO","service":"payment-service","version":"v2.8.0","deployment":"D-4722","msg":"Payment confirmed","payment_id":"PAY-9960","status":"authorized","latency_ms":108}
{"ts":"2026-01-18T19:26:25.123Z","level":"INFO","service":"order-service","version":"v3.1.2","deployment":"D-4718","msg":"Order placed successfully","order_id":"ORD-7881","region":"east","item":"sushi","latency_ms":52}
{"ts":"2026-01-18T19:26:30.456Z","level":"INFO","service":"payment-service","version":"v2.8.0","deployment":"D-4722","msg":"Payment initiated","payment_id":"PAY-9961","order_id":"ORD-7881","amount":18.50,"gateway":"stripe","latency_ms":93}
{"ts":"2026-01-18T19:26:35.789Z","level":"INFO","service":"payment-service","version":"v2.8.0","deployment":"D-4722","msg":"Payment confirmed","payment_id":"PAY-9961","status":"authorized","latency_ms":107}
{"ts":"2026-01-18T19:26:40.012Z","level":"INFO","service":"payment-service","version":"v2.8.0","deployment":"D-4722","msg":"Health check passed","db_pool_active":10,"db_pool_max":100,"db_pool_idle":90}
{"ts":"2026-01-18T19:26:45.345Z","level":"INFO","service":"order-service","version":"v3.1.2","deployment":"D-4718","msg":"Order placed successfully","order_id":"ORD-7882","region":"west","item":"salad","latency_ms":46}
{"ts":"2026-01-18T19:26:50.678Z","level":"INFO","service":"payment-service","version":"v2.8.0","deployment":"D-4722","msg":"Payment initiated","payment_id":"PAY-9962","order_id":"ORD-7882","amount":9.99,"gateway":"stripe","latency_ms":89}
{"ts":"2026-01-18T19:26:55.901Z","level":"INFO","service":"payment-service","version":"v2.8.0","deployment":"D-4722","msg":"Payment confirmed","payment_id":"PAY-9962","status":"authorized","latency_ms":106}
{"ts":"2026-01-18T19:27:00.234Z","level":"INFO","service":"order-service","version":"v3.1.2","deployment":"D-4718","msg":"Order placed successfully","order_id":"ORD-7883","region":"east","item":"burger","latency_ms":49}
{"ts":"2026-01-18T19:27:05.567Z","level":"INFO","service":"payment-service","version":"v2.8.0","deployment":"D-4722","msg":"Payment initiated","payment_id":"PAY-9963","order_id":"ORD-7883","amount":12.99,"gateway":"stripe","latency_ms":91}
{"ts":"2026-01-18T19:27:10.890Z","level":"INFO","service":"payment-service","version":"v2.8.0","deployment":"D-4722","msg":"Payment confirmed","payment_id":"PAY-9963","status":"authorized","latency_ms":109}
{"ts":"2026-01-18T19:27:15.123Z","level":"INFO","service":"menu-service","version":"v1.5.0","deployment":"D-4715","msg":"Menu fetched","region":"west","items_returned":42,"latency_ms":10}
{"ts":"2026-01-18T19:27:20.456Z","level":"INFO","service":"order-service","version":"v3.1.2","deployment":"D-4718","msg":"Order placed successfully","order_id":"ORD-7884","region":"west","item":"pasta","latency_ms":47}
{"ts":"2026-01-18T19:27:25.789Z","level":"INFO","service":"payment-service","version":"v2.8.0","deployment":"D-4722","msg":"Payment initiated","payment_id":"PAY-9964","order_id":"ORD-7884","amount":15.75,"gateway":"stripe","latency_ms":90}
{"ts":"2026-01-18T19:27:30.012Z","level":"INFO","service":"payment-service","version":"v2.8.0","deployment":"D-4722","msg":"Payment confirmed","payment_id":"PAY-9964","status":"authorized","latency_ms":107}
{"ts":"2026-01-18T19:27:35.345Z","level":"INFO","service":"inventory-service","version":"v2.0.1","deployment":"D-4716","msg":"Stock check passed","item":"pasta","region":"west","available":312}
{"ts":"2026-01-18T19:27:40.678Z","level":"INFO","service":"payment-service","version":"v2.8.0","deployment":"D-4722","msg":"Health check passed","db_pool_active":8,"db_pool_max":100,"db_pool_idle":92}
{"ts":"2026-01-18T19:27:45.901Z","level":"INFO","service":"order-service","version":"v3.1.2","deployment":"D-4718","msg":"Order placed successfully","order_id":"ORD-7885","region":"east","item":"sushi","latency_ms":52}
{"ts":"2026-01-18T19:27:50.234Z","level":"INFO","service":"payment-service","version":"v2.8.0","deployment":"D-4722","msg":"Payment initiated","payment_id":"PAY-9965","order_id":"ORD-7885","amount":18.50,"gateway":"stripe","latency_ms":92}
{"ts":"2026-01-18T19:27:55.567Z","level":"INFO","service":"payment-service","version":"v2.8.0","deployment":"D-4722","msg":"Payment confirmed","payment_id":"PAY-9965","status":"authorized","latency_ms":108}
{"ts":"2026-01-18T19:28:00.890Z","level":"INFO","service":"order-service","version":"v3.1.2","deployment":"D-4718","msg":"Order placed successfully","order_id":"ORD-7886","region":"west","item":"burger","latency_ms":45}
{"ts":"2026-01-18T19:28:05.123Z","level":"INFO","service":"payment-service","version":"v2.8.0","deployment":"D-4722","msg":"Payment initiated","payment_id":"PAY-9966","order_id":"ORD-7886","amount":12.99,"gateway":"stripe","latency_ms":88}
{"ts":"2026-01-18T19:28:10.456Z","level":"INFO","service":"payment-service","version":"v2.8.0","deployment":"D-4722","msg":"Payment confirmed","payment_id":"PAY-9966","status":"authorized","latency_ms":105}
{"ts":"2026-01-18T19:28:15.789Z","level":"INFO","service":"menu-service","version":"v1.5.0","deployment":"D-4715","msg":"Menu fetched","region":"east","items_returned":38,"latency_ms":11}
{"ts":"2026-01-18T19:28:20.012Z","level":"INFO","service":"order-service","version":"v3.1.2","deployment":"D-4718","msg":"Order placed successfully","order_id":"ORD-7887","region":"east","item":"salad","latency_ms":48}
{"ts":"2026-01-18T19:28:25.345Z","level":"INFO","service":"payment-service","version":"v2.8.0","deployment":"D-4722","msg":"Payment initiated","payment_id":"PAY-9967","order_id":"ORD-7887","amount":9.99,"gateway":"stripe","latency_ms":90}
{"ts":"2026-01-18T19:28:30.678Z","level":"INFO","service":"payment-service","version":"v2.8.0","deployment":"D-4722","msg":"Payment confirmed","payment_id":"PAY-9967","status":"authorized","latency_ms":107}
{"ts":"2026-01-18T19:28:35.901Z","level":"INFO","service":"payment-service","version":"v2.8.0","deployment":"D-4722","msg":"Health check passed","db_pool_active":7,"db_pool_max":100,"db_pool_idle":93}
{"ts":"2026-01-18T19:28:40.234Z","level":"INFO","service":"order-service","version":"v3.1.2","deployment":"D-4718","msg":"Order placed successfully","order_id":"ORD-7888","region":"west","item":"burger","latency_ms":44}
{"ts":"2026-01-18T19:28:45.567Z","level":"INFO","service":"payment-service","version":"v2.8.0","deployment":"D-4722","msg":"Payment initiated","payment_id":"PAY-9968","order_id":"ORD-7888","amount":12.99,"gateway":"stripe","latency_ms":89}
{"ts":"2026-01-18T19:28:50.890Z","level":"INFO","service":"payment-service","version":"v2.8.0","deployment":"D-4722","msg":"Payment confirmed","payment_id":"PAY-9968","status":"authorized","latency_ms":106}
{"ts":"2026-01-18T19:28:55.123Z","level":"INFO","service":"inventory-service","version":"v2.0.1","deployment":"D-4716","msg":"Stock check passed","item":"burger","region":"west","available":240}
{"ts":"2026-01-18T19:29:00.456Z","level":"INFO","service":"order-service","version":"v3.1.2","deployment":"D-4718","msg":"Order placed successfully","order_id":"ORD-7889","region":"west","item":"pasta","latency_ms":47}
{"ts":"2026-01-18T19:29:05.789Z","level":"INFO","service":"payment-service","version":"v2.8.0","deployment":"D-4722","msg":"Payment initiated","payment_id":"PAY-9969","order_id":"ORD-7889","amount":15.75,"gateway":"stripe","latency_ms":91}
{"ts":"2026-01-18T19:29:10.012Z","level":"INFO","service":"payment-service","version":"v2.8.0","deployment":"D-4722","msg":"Payment confirmed","payment_id":"PAY-9969","status":"authorized","latency_ms":108}
{"ts":"2026-01-18T19:29:15.345Z","level":"INFO","service":"order-service","version":"v3.1.2","deployment":"D-4718","msg":"Order placed successfully","order_id":"ORD-7890","region":"east","item":"sushi","latency_ms":51}
{"ts":"2026-01-18T19:29:20.678Z","level":"INFO","service":"payment-service","version":"v2.8.0","deployment":"D-4722","msg":"Payment initiated","payment_id":"PAY-9970","order_id":"ORD-7890","amount":18.50,"gateway":"stripe","latency_ms":93}
{"ts":"2026-01-18T19:29:25.901Z","level":"INFO","service":"payment-service","version":"v2.8.0","deployment":"D-4722","msg":"Payment confirmed","payment_id":"PAY-9970","status":"authorized","latency_ms":110}
{"ts":"2026-01-18T19:29:30.234Z","level":"INFO","service":"payment-service","version":"v2.8.0","deployment":"D-4722","msg":"Health check passed","db_pool_active":9,"db_pool_max":100,"db_pool_idle":91}
